<?xml version="1.0" encoding="UTF-8"?>
<testsuite xmlns:xsi="http://www.w3.org/2001/XMLSchema-instance" xsi:noNamespaceSchemaLocation="https://maven.apache.org/surefire/maven-surefire-plugin/xsd/surefire-test-report.xsd" name="com.pekaboo.UserTest" time="0.001" tests="2" errors="0" skipped="0" failures="0">
  <properties>
    <property name="java.specification.version" value="24"/>
    <property name="sun.jnu.encoding" value="UTF-8"/>
    <property name="java.class.path" value="/Users/samdp/Documents/College/Semester4/RPL/RPL-Optik-Peekaboo/demo/target/test-classes:/Users/samdp/Documents/College/Semester4/RPL/RPL-Optik-Peekaboo/demo/target/classes:/Users/samdp/.m2/repository/org/openjfx/javafx-controls/22/javafx-controls-22.jar:/Users/samdp/.m2/repository/org/openjfx/javafx-controls/22/javafx-controls-22-mac-aarch64.jar:/Users/samdp/.m2/repository/org/openjfx/javafx-graphics/22/javafx-graphics-22.jar:/Users/samdp/.m2/repository/org/openjfx/javafx-graphics/22/javafx-graphics-22-mac-aarch64.jar:/Users/samdp/.m2/repository/org/openjfx/javafx-base/22/javafx-base-22.jar:/Users/samdp/.m2/repository/org/openjfx/javafx-base/22/javafx-base-22-mac-aarch64.jar:/Users/samdp/.m2/repository/org/openjfx/javafx-fxml/22/javafx-fxml-22.jar:/Users/samdp/.m2/repository/org/openjfx/javafx-fxml/22/javafx-fxml-22-mac-aarch64.jar:/Users/samdp/.m2/repository/org/postgresql/postgresql/42.7.6/postgresql-42.7.6.jar:/Users/samdp/.m2/repository/org/checkerframework/checker-qual/3.49.3/checker-qual-3.49.3.jar:/Users/samdp/.m2/repository/org/junit/jupiter/junit-jupiter/5.9.2/junit-jupiter-5.9.2.jar:/Users/samdp/.m2/repository/org/junit/jupiter/junit-jupiter-api/5.9.2/junit-jupiter-api-5.9.2.jar:/Users/samdp/.m2/repository/org/opentest4j/opentest4j/1.2.0/opentest4j-1.2.0.jar:/Users/samdp/.m2/repository/org/junit/platform/junit-platform-commons/1.9.2/junit-platform-commons-1.9.2.jar:/Users/samdp/.m2/repository/org/apiguardian/apiguardian-api/1.1.2/apiguardian-api-1.1.2.jar:/Users/samdp/.m2/repository/org/junit/jupiter/junit-jupiter-params/5.9.2/junit-jupiter-params-5.9.2.jar:/Users/samdp/.m2/repository/org/junit/jupiter/junit-jupiter-engine/5.9.2/junit-jupiter-engine-5.9.2.jar:/Users/samdp/.m2/repository/org/junit/platform/junit-platform-engine/1.9.2/junit-platform-engine-1.9.2.jar:/Users/samdp/.m2/repository/org/mockito/mockito-core/4.11.0/mockito-core-4.11.0.jar:/Users/samdp/.m2/repository/net/bytebuddy/byte-buddy/1.12.19/byte-buddy-1.12.19.jar:/Users/samdp/.m2/repository/net/bytebuddy/byte-buddy-agent/1.12.19/byte-buddy-agent-1.12.19.jar:/Users/samdp/.m2/repository/org/objenesis/objenesis/3.3/objenesis-3.3.jar:/Users/samdp/.m2/repository/org/mockito/mockito-junit-jupiter/4.11.0/mockito-junit-jupiter-4.11.0.jar:/Users/samdp/.m2/repository/org/testfx/testfx-core/4.0.16-alpha/testfx-core-4.0.16-alpha.jar:/Users/samdp/.m2/repository/org/hamcrest/hamcrest-core/1.3/hamcrest-core-1.3.jar:/Users/samdp/.m2/repository/org/assertj/assertj-core/3.13.2/assertj-core-3.13.2.jar:/Users/samdp/.m2/repository/org/testfx/testfx-junit5/4.0.16-alpha/testfx-junit5-4.0.16-alpha.jar:"/>
    <property name="java.vm.vendor" value="Eclipse Adoptium"/>
    <property name="sun.arch.data.model" value="64"/>
    <property name="java.vendor.url" value="https://adoptium.net/"/>
    <property name="os.name" value="Mac OS X"/>
    <property name="java.vm.specification.version" value="24"/>
    <property name="sun.java.launcher" value="SUN_STANDARD"/>
    <property name="user.country" value="ID"/>
    <property name="sun.boot.library.path" value="/Library/Java/JavaVirtualMachines/temurin-24.jdk/Contents/Home/lib"/>
    <property name="sun.java.command" value="/Users/samdp/Documents/College/Semester4/RPL/RPL-Optik-Peekaboo/demo/target/surefire/surefirebooter14631714078837211639.jar /Users/samdp/Documents/College/Semester4/RPL/RPL-Optik-Peekaboo/demo/target/surefire 2025-06-12T19-13-40_116-jvmRun1 surefire5810238775651156473tmp surefire_010581574409432590487tmp"/>
    <property name="http.nonProxyHosts" value="local|*.local|169.254/16|*.169.254/16"/>
    <property name="jdk.debug" value="release"/>
    <property name="surefire.test.class.path" value="/Users/samdp/Documents/College/Semester4/RPL/RPL-Optik-Peekaboo/demo/target/test-classes:/Users/samdp/Documents/College/Semester4/RPL/RPL-Optik-Peekaboo/demo/target/classes:/Users/samdp/.m2/repository/org/openjfx/javafx-controls/22/javafx-controls-22.jar:/Users/samdp/.m2/repository/org/openjfx/javafx-controls/22/javafx-controls-22-mac-aarch64.jar:/Users/samdp/.m2/repository/org/openjfx/javafx-graphics/22/javafx-graphics-22.jar:/Users/samdp/.m2/repository/org/openjfx/javafx-graphics/22/javafx-graphics-22-mac-aarch64.jar:/Users/samdp/.m2/repository/org/openjfx/javafx-base/22/javafx-base-22.jar:/Users/samdp/.m2/repository/org/openjfx/javafx-base/22/javafx-base-22-mac-aarch64.jar:/Users/samdp/.m2/repository/org/openjfx/javafx-fxml/22/javafx-fxml-22.jar:/Users/samdp/.m2/repository/org/openjfx/javafx-fxml/22/javafx-fxml-22-mac-aarch64.jar:/Users/samdp/.m2/repository/org/postgresql/postgresql/42.7.6/postgresql-42.7.6.jar:/Users/samdp/.m2/repository/org/checkerframework/checker-qual/3.49.3/checker-qual-3.49.3.jar:/Users/samdp/.m2/repository/org/junit/jupiter/junit-jupiter/5.9.2/junit-jupiter-5.9.2.jar:/Users/samdp/.m2/repository/org/junit/jupiter/junit-jupiter-api/5.9.2/junit-jupiter-api-5.9.2.jar:/Users/samdp/.m2/repository/org/opentest4j/opentest4j/1.2.0/opentest4j-1.2.0.jar:/Users/samdp/.m2/repository/org/junit/platform/junit-platform-commons/1.9.2/junit-platform-commons-1.9.2.jar:/Users/samdp/.m2/repository/org/apiguardian/apiguardian-api/1.1.2/apiguardian-api-1.1.2.jar:/Users/samdp/.m2/repository/org/junit/jupiter/junit-jupiter-params/5.9.2/junit-jupiter-params-5.9.2.jar:/Users/samdp/.m2/repository/org/junit/jupiter/junit-jupiter-engine/5.9.2/junit-jupiter-engine-5.9.2.jar:/Users/samdp/.m2/repository/org/junit/platform/junit-platform-engine/1.9.2/junit-platform-engine-1.9.2.jar:/Users/samdp/.m2/repository/org/mockito/mockito-core/4.11.0/mockito-core-4.11.0.jar:/Users/samdp/.m2/repository/net/bytebuddy/byte-buddy/1.12.19/byte-buddy-1.12.19.jar:/Users/samdp/.m2/repository/net/bytebuddy/byte-buddy-agent/1.12.19/byte-buddy-agent-1.12.19.jar:/Users/samdp/.m2/repository/org/objenesis/objenesis/3.3/objenesis-3.3.jar:/Users/samdp/.m2/repository/org/mockito/mockito-junit-jupiter/4.11.0/mockito-junit-jupiter-4.11.0.jar:/Users/samdp/.m2/repository/org/testfx/testfx-core/4.0.16-alpha/testfx-core-4.0.16-alpha.jar:/Users/samdp/.m2/repository/org/hamcrest/hamcrest-core/1.3/hamcrest-core-1.3.jar:/Users/samdp/.m2/repository/org/assertj/assertj-core/3.13.2/assertj-core-3.13.2.jar:/Users/samdp/.m2/repository/org/testfx/testfx-junit5/4.0.16-alpha/testfx-junit5-4.0.16-alpha.jar:"/>
    <property name="sun.cpu.endian" value="little"/>
    <property name="user.home" value="/Users/samdp"/>
    <property name="user.language" value="en"/>
    <property name="java.specification.vendor" value="Oracle Corporation"/>
    <property name="java.version.date" value="2025-04-15"/>
    <property name="java.home" value="/Library/Java/JavaVirtualMachines/temurin-24.jdk/Contents/Home"/>
    <property name="file.separator" value="/"/>
    <property name="basedir" value="/Users/samdp/Documents/College/Semester4/RPL/RPL-Optik-Peekaboo/demo"/>
    <property name="java.vm.compressedOopsMode" value="Zero based"/>
    <property name="line.separator" value="&#10;"/>
    <property name="java.vm.specification.vendor" value="Oracle Corporation"/>
    <property name="java.specification.name" value="Java Platform API Specification"/>
    <property name="apple.awt.application.name" value="ForkedBooter"/>
    <property name="surefire.real.class.path" value="/Users/samdp/Documents/College/Semester4/RPL/RPL-Optik-Peekaboo/demo/target/surefire/surefirebooter14631714078837211639.jar"/>
    <property name="sun.management.compiler" value="HotSpot 64-Bit Tiered Compilers"/>
    <property name="ftp.nonProxyHosts" value="local|*.local|169.254/16|*.169.254/16"/>
    <property name="java.runtime.version" value="24.0.1+9"/>
    <property name="user.name" value="samdp"/>
    <property name="stdout.encoding" value="UTF-8"/>
    <property name="path.separator" value=":"/>
    <property name="os.version" value="12.1"/>
    <property name="java.runtime.name" value="OpenJDK Runtime Environment"/>
    <property name="file.encoding" value="UTF-8"/>
    <property name="java.vm.name" value="OpenJDK 64-Bit Server VM"/>
    <property name="java.vendor.version" value="Temurin-24.0.1+9"/>
    <property name="localRepository" value="/Users/samdp/.m2/repository"/>
    <property name="java.vendor.url.bug" value="https://github.com/adoptium/adoptium-support/issues"/>
    <property name="java.io.tmpdir" value="/var/folders/hl/6sfmrb990mv97_ks1vdhcs700000gn/T/"/>
    <property name="java.version" value="24.0.1"/>
    <property name="user.dir" value="/Users/samdp/Documents/College/Semester4/RPL/RPL-Optik-Peekaboo/demo"/>
    <property name="os.arch" value="aarch64"/>
    <property name="java.vm.specification.name" value="Java Virtual Machine Specification"/>
    <property name="native.encoding" value="UTF-8"/>
    <property name="java.library.path" value="/Users/samdp/Library/Java/Extensions:/Library/Java/Extensions:/Network/Library/Java/Extensions:/System/Library/Java/Extensions:/usr/lib/java:."/>
    <property name="java.vm.info" value="mixed mode, sharing"/>
    <property name="stderr.encoding" value="UTF-8"/>
    <property name="java.vendor" value="Eclipse Adoptium"/>
    <property name="java.vm.version" value="24.0.1+9"/>
    <property name="sun.io.unicode.encoding" value="UnicodeBig"/>
    <property name="socksNonProxyHosts" value="local|*.local|169.254/16|*.169.254/16"/>
    <property name="java.class.version" value="68.0"/>
  </properties>
  <testcase name="shouldCreateUserWithCorrectProperties" classname="com.pekaboo.UserTest" time="0"/>
  <testcase name="shouldUpdateUserEmailCorrectly" classname="com.pekaboo.UserTest" time="0.001"/>
</testsuite>